Using pre-set license
Built from '2020.3/release' branch; Version is '2020.3.2f1 (8fd9074bf66c) revision 9427207'; Using compiler version '192528614'; Build Type 'Release'
OS: 'Windows 10 Pro; OS build 19042.928; Version 2009; 64bit' Language: 'en' Physical Memory: 32699 MB
BatchMode: 1, IsHumanControllingUs: 0, StartBugReporterOnCrash: 0, Is64bit: 1, IsPro: 0

 COMMAND LINE ARGUMENTS:
C:\Program Files\Unity\Hub\Editor\2020.3.2f1\Editor\Unity.exe
-adb2
-batchMode
-noUpm
-name
AssetImportWorker0
-projectPath
C:/GitHub/simple-platformer
-logFile
Logs/AssetImportWorker0.log
-srvPort
49897
Successfully changed project path to: C:/GitHub/simple-platformer
C:/GitHub/simple-platformer
Using Asset Import Pipeline V2.
Refreshing native plugins compatible for Editor in 36.13 ms, found 1 plugins.
Preloading 0 native plugins for Editor in 0.00 ms.
Initialize engine version: 2020.3.2f1 (8fd9074bf66c)
[Subsystems] Discovering subsystems at path C:/Program Files/Unity/Hub/Editor/2020.3.2f1/Editor/Data/Resources/UnitySubsystems
[Subsystems] Discovering subsystems at path C:/GitHub/simple-platformer/Assets
GfxDevice: creating device client; threaded=0
Direct3D:
    Version:  Direct3D 11.0 [level 11.1]
    Renderer: NVIDIA GeForce RTX 2080 (ID=0x1e87)
    Vendor:   
    VRAM:     8010 MB
    Driver:   27.21.14.6663
Initialize mono
Mono path[0] = 'C:/Program Files/Unity/Hub/Editor/2020.3.2f1/Editor/Data/Managed'
Mono path[1] = 'C:/Program Files/Unity/Hub/Editor/2020.3.2f1/Editor/Data/MonoBleedingEdge/lib/mono/unityjit'
Mono config path = 'C:/Program Files/Unity/Hub/Editor/2020.3.2f1/Editor/Data/MonoBleedingEdge/etc'
Using monoOptions --debugger-agent=transport=dt_socket,embedding=1,server=y,suspend=n,address=127.0.0.1:56280
Begin MonoManager ReloadAssembly
Registering precompiled unity dll's ...
Register platform support module: C:/Program Files/Unity/Hub/Editor/2020.3.2f1/Editor/Data/PlaybackEngines/WebGLSupport/UnityEditor.WebGL.Extensions.dll
Register platform support module: C:/Program Files/Unity/Hub/Editor/2020.3.2f1/Editor/Data/PlaybackEngines/MacStandaloneSupport/UnityEditor.OSXStandalone.Extensions.dll
Register platform support module: C:/Program Files/Unity/Hub/Editor/2020.3.2f1/Editor/Data/PlaybackEngines/WindowsStandaloneSupport/UnityEditor.WindowsStandalone.Extensions.dll
Registered in 0.001956 seconds.
Native extension for WindowsStandalone target not found
Native extension for OSXStandalone target not found
Native extension for WebGL target not found
Refreshing native plugins compatible for Editor in 32.62 ms, found 1 plugins.
Preloading 0 native plugins for Editor in 0.00 ms.
Invoked RoslynAnalysisRunner static constructor.
RoslynAnalysisRunner will not be running.
RoslynAnalysisRunner has terminated.
Mono: successfully reloaded assembly
- Completed reload, in  1.418 seconds
Platform modules already initialized, skipping
Registering precompiled user dll's ...
Registered in 0.000732 seconds.
Begin MonoManager ReloadAssembly
Native extension for WindowsStandalone target not found
Native extension for OSXStandalone target not found
Native extension for WebGL target not found
Refreshing native plugins compatible for Editor in 32.05 ms, found 1 plugins.
Preloading 0 native plugins for Editor in 0.00 ms.
Invoked RoslynAnalysisRunner static constructor.
RoslynAnalysisRunner will not be running.
RoslynAnalysisRunner has terminated.
Mono: successfully reloaded assembly
- Completed reload, in  0.788 seconds
Platform modules already initialized, skipping
========================================================================
Worker process is ready to serve import requests
Launched and connected shader compiler UnityShaderCompiler.exe after 0.04 seconds
Refreshing native plugins compatible for Editor in 0.37 ms, found 1 plugins.
Preloading 0 native plugins for Editor in 0.00 ms.
Unloading 2106 Unused Serialized files (Serialized files now loaded: 0)
System memory in use before: 95.6 MB.
System memory in use after: 95.6 MB.

Unloading 26 unused Assets to reduce memory usage. Loaded Objects now: 2550.
Total: 2.192400 ms (FindLiveObjects: 0.196300 ms CreateObjectMapping: 0.090500 ms MarkObjects: 1.793700 ms  DeleteObjects: 0.111200 ms)

========================================================================
Received Import Request.
  path: Assets/PlayerInputActions.cs
  artifactKey: Guid(4c5928e64d2b3774885cfeca47fbca64) Importer(815301076,1909f56bfc062723c751e8b465ee728b)
Start importing Assets/PlayerInputActions.cs using Guid(4c5928e64d2b3774885cfeca47fbca64) Importer(815301076,1909f56bfc062723c751e8b465ee728b)  -> (artifact id: 'b2ab60d8150e340e922cb242f52f0e90') in 0.029594 seconds
  Import took 0.032223 seconds .

========================================================================
Received Prepare
Registering precompiled user dll's ...
Registered in 0.000768 seconds.
Begin MonoManager ReloadAssembly
Native extension for WindowsStandalone target not found
Native extension for OSXStandalone target not found
Native extension for WebGL target not found
Refreshing native plugins compatible for Editor in 0.36 ms, found 1 plugins.
Preloading 0 native plugins for Editor in 0.00 ms.
Invoked RoslynAnalysisRunner static constructor.
RoslynAnalysisRunner will not be running.
RoslynAnalysisRunner has terminated.
Mono: successfully reloaded assembly
- Completed reload, in  0.712 seconds
Platform modules already initialized, skipping
Refreshing native plugins compatible for Editor in 0.33 ms, found 1 plugins.
Preloading 0 native plugins for Editor in 0.00 ms.
Unloading 2101 Unused Serialized files (Serialized files now loaded: 0)
System memory in use before: 95.7 MB.
System memory in use after: 95.7 MB.

Unloading 12 unused Assets to reduce memory usage. Loaded Objects now: 2554.
Total: 1.967400 ms (FindLiveObjects: 0.197500 ms CreateObjectMapping: 0.054500 ms MarkObjects: 1.634900 ms  DeleteObjects: 0.079800 ms)

========================================================================
Received Import Request.
  Time since last request: 4.022570 seconds.
  path: Assets/Input
  artifactKey: Guid(51bb290e4b5ccfe448d3087800025bf6) Importer(815301076,1909f56bfc062723c751e8b465ee728b)
Start importing Assets/Input using Guid(51bb290e4b5ccfe448d3087800025bf6) Importer(815301076,1909f56bfc062723c751e8b465ee728b)  -> (artifact id: '5b36c493452b6c13595e460dad6a6150') in 0.020934 seconds
  Import took 0.023473 seconds .

========================================================================
Received Prepare
Registering precompiled user dll's ...
Registered in 0.000726 seconds.
Begin MonoManager ReloadAssembly
Native extension for WindowsStandalone target not found
Native extension for OSXStandalone target not found
Native extension for WebGL target not found
Refreshing native plugins compatible for Editor in 0.34 ms, found 1 plugins.
Preloading 0 native plugins for Editor in 0.00 ms.
Invoked RoslynAnalysisRunner static constructor.
RoslynAnalysisRunner will not be running.
RoslynAnalysisRunner has terminated.
Mono: successfully reloaded assembly
- Completed reload, in  0.698 seconds
Platform modules already initialized, skipping
Refreshing native plugins compatible for Editor in 0.34 ms, found 1 plugins.
Preloading 0 native plugins for Editor in 0.00 ms.
Unloading 2101 Unused Serialized files (Serialized files now loaded: 0)
System memory in use before: 95.8 MB.
System memory in use after: 95.8 MB.

Unloading 12 unused Assets to reduce memory usage. Loaded Objects now: 2558.
Total: 1.870400 ms (FindLiveObjects: 0.199900 ms CreateObjectMapping: 0.065200 ms MarkObjects: 1.513200 ms  DeleteObjects: 0.091300 ms)

========================================================================
Received Import Request.
  Time since last request: 180.221287 seconds.
  path: Assets/Scripts/PlayerController.cs
  artifactKey: Guid(33a241cc0a0dec242844e56971809d12) Importer(815301076,1909f56bfc062723c751e8b465ee728b)
Start importing Assets/Scripts/PlayerController.cs using Guid(33a241cc0a0dec242844e56971809d12) Importer(815301076,1909f56bfc062723c751e8b465ee728b)  -> (artifact id: '3d16fb686a54e48980a978e963e2de65') in 0.021534 seconds
  Import took 0.024261 seconds .

========================================================================
Received Import Request.
  Time since last request: 0.000841 seconds.
  path: Assets/Scripts/PlayerController.cs
  artifactKey: Guid(33a241cc0a0dec242844e56971809d12) Importer(815301076,1909f56bfc062723c751e8b465ee728b)
Start importing Assets/Scripts/PlayerController.cs using Guid(33a241cc0a0dec242844e56971809d12) Importer(815301076,1909f56bfc062723c751e8b465ee728b)  -> (artifact id: '3d16fb686a54e48980a978e963e2de65') in 0.018115 seconds
  Import took 0.020568 seconds .

========================================================================
Received Prepare
Registering precompiled user dll's ...
Registered in 0.000774 seconds.
Begin MonoManager ReloadAssembly
Native extension for WindowsStandalone target not found
Native extension for OSXStandalone target not found
Native extension for WebGL target not found
Refreshing native plugins compatible for Editor in 0.35 ms, found 1 plugins.
Preloading 0 native plugins for Editor in 0.00 ms.
Invoked RoslynAnalysisRunner static constructor.
RoslynAnalysisRunner will not be running.
RoslynAnalysisRunner has terminated.
Mono: successfully reloaded assembly
- Completed reload, in  0.696 seconds
Platform modules already initialized, skipping
Refreshing native plugins compatible for Editor in 0.34 ms, found 1 plugins.
Preloading 0 native plugins for Editor in 0.00 ms.
Unloading 2101 Unused Serialized files (Serialized files now loaded: 0)
System memory in use before: 95.8 MB.
System memory in use after: 95.8 MB.

Unloading 12 unused Assets to reduce memory usage. Loaded Objects now: 2562.
Total: 1.845200 ms (FindLiveObjects: 0.203800 ms CreateObjectMapping: 0.069200 ms MarkObjects: 1.477700 ms  DeleteObjects: 0.093900 ms)

========================================================================
Received Import Request.
  Time since last request: 54.716616 seconds.
  path: Assets/Scripts/PlayerController.cs
  artifactKey: Guid(33a241cc0a0dec242844e56971809d12) Importer(815301076,1909f56bfc062723c751e8b465ee728b)
Start importing Assets/Scripts/PlayerController.cs using Guid(33a241cc0a0dec242844e56971809d12) Importer(815301076,1909f56bfc062723c751e8b465ee728b)  -> (artifact id: '5e7a3ddfaf39764f204906efe6e93961') in 0.020606 seconds
  Import took 0.023219 seconds .

========================================================================
Received Prepare
Registering precompiled user dll's ...
Registered in 0.000678 seconds.
Begin MonoManager ReloadAssembly
Native extension for WindowsStandalone target not found
Native extension for OSXStandalone target not found
Native extension for WebGL target not found
Refreshing native plugins compatible for Editor in 0.35 ms, found 1 plugins.
Preloading 0 native plugins for Editor in 0.00 ms.
Invoked RoslynAnalysisRunner static constructor.
RoslynAnalysisRunner will not be running.
RoslynAnalysisRunner has terminated.
Mono: successfully reloaded assembly
- Completed reload, in  0.698 seconds
Platform modules already initialized, skipping
Refreshing native plugins compatible for Editor in 0.35 ms, found 1 plugins.
Preloading 0 native plugins for Editor in 0.00 ms.
Unloading 2101 Unused Serialized files (Serialized files now loaded: 0)
System memory in use before: 95.8 MB.
System memory in use after: 95.8 MB.

Unloading 12 unused Assets to reduce memory usage. Loaded Objects now: 2566.
Total: 1.970000 ms (FindLiveObjects: 0.170000 ms CreateObjectMapping: 0.068400 ms MarkObjects: 1.646900 ms  DeleteObjects: 0.084000 ms)

========================================================================
Received Prepare
Registering precompiled user dll's ...
Registered in 0.000802 seconds.
Begin MonoManager ReloadAssembly
Native extension for WindowsStandalone target not found
Native extension for OSXStandalone target not found
Native extension for WebGL target not found
Refreshing native plugins compatible for Editor in 0.36 ms, found 1 plugins.
Preloading 0 native plugins for Editor in 0.00 ms.
Invoked RoslynAnalysisRunner static constructor.
RoslynAnalysisRunner will not be running.
RoslynAnalysisRunner has terminated.
Mono: successfully reloaded assembly
- Completed reload, in  0.697 seconds
Platform modules already initialized, skipping
Refreshing native plugins compatible for Editor in 0.33 ms, found 1 plugins.
Preloading 0 native plugins for Editor in 0.00 ms.
Unloading 2102 Unused Serialized files (Serialized files now loaded: 0)
System memory in use before: 95.9 MB.
System memory in use after: 95.9 MB.

Unloading 12 unused Assets to reduce memory usage. Loaded Objects now: 2571.
Total: 2.042600 ms (FindLiveObjects: 0.220200 ms CreateObjectMapping: 0.074800 ms MarkObjects: 1.653200 ms  DeleteObjects: 0.093700 ms)

========================================================================
Received Import Request.
  Time since last request: 215.035773 seconds.
  path: Assets/Scripts/PlayerController.cs
  artifactKey: Guid(33a241cc0a0dec242844e56971809d12) Importer(815301076,1909f56bfc062723c751e8b465ee728b)
Start importing Assets/Scripts/PlayerController.cs using Guid(33a241cc0a0dec242844e56971809d12) Importer(815301076,1909f56bfc062723c751e8b465ee728b)  -> (artifact id: '8d59dc231520d1c1b83d2f9b0a5c4864') in 0.020222 seconds
  Import took 0.023012 seconds .

========================================================================
Received Import Request.
  Time since last request: 0.079104 seconds.
  path: Assets/Scripts/PlayerInputHandler.cs
  artifactKey: Guid(124341270f46a274184c1aa0b6bef1ee) Importer(815301076,1909f56bfc062723c751e8b465ee728b)
Start importing Assets/Scripts/PlayerInputHandler.cs using Guid(124341270f46a274184c1aa0b6bef1ee) Importer(815301076,1909f56bfc062723c751e8b465ee728b)  -> (artifact id: '25f6c21443e653976b61c1c6a7ac09a1') in 0.019080 seconds
  Import took 0.021644 seconds .

========================================================================
Received Prepare
Registering precompiled user dll's ...
Registered in 0.000722 seconds.
Begin MonoManager ReloadAssembly
Native extension for WindowsStandalone target not found
Native extension for OSXStandalone target not found
Native extension for WebGL target not found
Refreshing native plugins compatible for Editor in 0.36 ms, found 1 plugins.
Preloading 0 native plugins for Editor in 0.00 ms.
Invoked RoslynAnalysisRunner static constructor.
RoslynAnalysisRunner will not be running.
RoslynAnalysisRunner has terminated.
Mono: successfully reloaded assembly
- Completed reload, in  0.691 seconds
Platform modules already initialized, skipping
Refreshing native plugins compatible for Editor in 0.34 ms, found 1 plugins.
Preloading 0 native plugins for Editor in 0.00 ms.
Unloading 2102 Unused Serialized files (Serialized files now loaded: 0)
System memory in use before: 95.9 MB.
System memory in use after: 95.9 MB.

Unloading 12 unused Assets to reduce memory usage. Loaded Objects now: 2575.
Total: 2.115600 ms (FindLiveObjects: 0.278400 ms CreateObjectMapping: 0.111000 ms MarkObjects: 1.639700 ms  DeleteObjects: 0.085700 ms)

========================================================================
Received Prepare
Registering precompiled user dll's ...
Registered in 0.000751 seconds.
Begin MonoManager ReloadAssembly
Native extension for WindowsStandalone target not found
Native extension for OSXStandalone target not found
Native extension for WebGL target not found
Refreshing native plugins compatible for Editor in 0.37 ms, found 1 plugins.
Preloading 0 native plugins for Editor in 0.00 ms.
Invoked RoslynAnalysisRunner static constructor.
RoslynAnalysisRunner will not be running.
RoslynAnalysisRunner has terminated.
Mono: successfully reloaded assembly
- Completed reload, in  0.693 seconds
Platform modules already initialized, skipping
Refreshing native plugins compatible for Editor in 0.34 ms, found 1 plugins.
Preloading 0 native plugins for Editor in 0.00 ms.
Unloading 2102 Unused Serialized files (Serialized files now loaded: 0)
System memory in use before: 95.9 MB.
System memory in use after: 95.9 MB.

Unloading 12 unused Assets to reduce memory usage. Loaded Objects now: 2579.
Total: 2.161600 ms (FindLiveObjects: 0.197100 ms CreateObjectMapping: 0.085600 ms MarkObjects: 1.780100 ms  DeleteObjects: 0.097600 ms)

